[ 2026-05-03 15:04:07,524 ] 1025 httpx - INFO - HTTP Request: GET https://dagshub.com/api/v1/user "HTTP/1.1 200 OK"
[ 2026-05-03 15:04:07,539 ] 107 dagshub - INFO - Accessing as jahanvigarg238
[ 2026-05-03 15:04:08,773 ] 1025 httpx - INFO - HTTP Request: GET https://dagshub.com/api/v1/repos/jahanvigarg238/Network_Security_System "HTTP/1.1 200 OK"
[ 2026-05-03 15:04:10,103 ] 1025 httpx - INFO - HTTP Request: GET https://dagshub.com/api/v1/user "HTTP/1.1 200 OK"
[ 2026-05-03 15:04:10,106 ] 107 dagshub - INFO - Initialized MLflow to track repo "jahanvigarg238/Network_Security_System"
[ 2026-05-03 15:04:10,116 ] 107 dagshub - INFO - Repository jahanvigarg238/Network_Security_System initialized!
[ 2026-05-03 15:04:13,613 ] 20 root - INFO - Initiate the data ingestion
[ 2026-05-03 15:04:17,177 ] 65 root - INFO - Performed train test split on the dataframe
[ 2026-05-03 15:04:17,179 ] 67 root - INFO - Exited split_data_as_train_test method of Data_Ingestion class
[ 2026-05-03 15:04:17,179 ] 75 root - INFO - Exporting train and test file path.
[ 2026-05-03 15:04:17,261 ] 84 root - INFO - Exported train and test file path.
[ 2026-05-03 15:04:17,262 ] 22 root - INFO - Data Initiation Completed
[ 2026-05-03 15:04:17,269 ] 26 root - INFO - Initiate the data Validation
[ 2026-05-03 15:04:17,361 ] 32 root - INFO - Required number of columns:2
[ 2026-05-03 15:04:17,361 ] 33 root - INFO - Data frame has columns:31
[ 2026-05-03 15:04:17,361 ] 32 root - INFO - Required number of columns:2
[ 2026-05-03 15:04:17,361 ] 33 root - INFO - Data frame has columns:31
[ 2026-05-03 15:04:17,548 ] 28 root - INFO - data Validation Completed
[ 2026-05-03 15:04:17,548 ] 31 root - INFO - data Transformation started
[ 2026-05-03 15:04:17,548 ] 63 root - INFO - Entered initiate_data_transformation method of DataTransformation class
[ 2026-05-03 15:04:17,548 ] 65 root - INFO - Starting data transformation
[ 2026-05-03 15:04:17,584 ] 48 root - INFO - Entered get_data_trnasformer_object method of Trnasformation class
[ 2026-05-03 15:04:17,585 ] 53 root - INFO - Initialise KNNImputer with {'missing_values': nan, 'n_neighbors': 3, 'weights': 'uniform'}
[ 2026-05-03 15:04:17,602 ] 46 root - INFO - Entered the save_object method of MainUtils class
[ 2026-05-03 15:04:17,605 ] 50 root - INFO - Exited the save_object method of MainUtils class
[ 2026-05-03 15:04:17,606 ] 46 root - INFO - Entered the save_object method of MainUtils class
[ 2026-05-03 15:04:17,609 ] 50 root - INFO - Exited the save_object method of MainUtils class
[ 2026-05-03 15:04:17,611 ] 35 root - INFO - data Transformation completed
[ 2026-05-03 15:04:17,611 ] 37 root - INFO - Model Training sstared
