[ 2026-05-03 14:10:31,802 ] 1025 httpx - INFO - HTTP Request: GET https://dagshub.com/api/v1/user "HTTP/1.1 200 OK"
[ 2026-05-03 14:10:31,816 ] 107 dagshub - INFO - Accessing as jahanvigarg238
[ 2026-05-03 14:10:33,666 ] 1025 httpx - INFO - HTTP Request: GET https://dagshub.com/api/v1/repos/jahanvigarg238/Network_Security_System "HTTP/1.1 200 OK"
[ 2026-05-03 14:10:35,572 ] 1025 httpx - INFO - HTTP Request: GET https://dagshub.com/api/v1/user "HTTP/1.1 200 OK"
[ 2026-05-03 14:10:35,575 ] 107 dagshub - INFO - Initialized MLflow to track repo "jahanvigarg238/Network_Security_System"
[ 2026-05-03 14:10:35,588 ] 107 dagshub - INFO - Repository jahanvigarg238/Network_Security_System initialized!
[ 2026-05-03 14:10:39,470 ] 20 root - INFO - Initiate the data ingestion
[ 2026-05-03 14:10:46,889 ] 65 root - INFO - Performed train test split on the dataframe
[ 2026-05-03 14:10:46,889 ] 67 root - INFO - Exited split_data_as_train_test method of Data_Ingestion class
[ 2026-05-03 14:10:46,890 ] 75 root - INFO - Exporting train and test file path.
[ 2026-05-03 14:10:47,023 ] 84 root - INFO - Exported train and test file path.
[ 2026-05-03 14:10:47,025 ] 22 root - INFO - Data Initiation Completed
[ 2026-05-03 14:10:47,037 ] 26 root - INFO - Initiate the data Validation
[ 2026-05-03 14:10:47,245 ] 32 root - INFO - Required number of columns:2
[ 2026-05-03 14:10:47,246 ] 33 root - INFO - Data frame has columns:31
[ 2026-05-03 14:10:47,246 ] 32 root - INFO - Required number of columns:2
[ 2026-05-03 14:10:47,246 ] 33 root - INFO - Data frame has columns:31
[ 2026-05-03 14:10:47,602 ] 28 root - INFO - data Validation Completed
[ 2026-05-03 14:10:47,603 ] 31 root - INFO - data Transformation started
[ 2026-05-03 14:10:47,603 ] 63 root - INFO - Entered initiate_data_transformation method of DataTransformation class
[ 2026-05-03 14:10:47,603 ] 65 root - INFO - Starting data transformation
[ 2026-05-03 14:10:47,664 ] 48 root - INFO - Entered get_data_trnasformer_object method of Trnasformation class
[ 2026-05-03 14:10:47,665 ] 53 root - INFO - Initialise KNNImputer with {'missing_values': nan, 'n_neighbors': 3, 'weights': 'uniform'}
[ 2026-05-03 14:10:47,691 ] 46 root - INFO - Entered the save_object method of MainUtils class
[ 2026-05-03 14:10:47,699 ] 50 root - INFO - Exited the save_object method of MainUtils class
[ 2026-05-03 14:10:47,699 ] 46 root - INFO - Entered the save_object method of MainUtils class
[ 2026-05-03 14:10:47,705 ] 50 root - INFO - Exited the save_object method of MainUtils class
[ 2026-05-03 14:10:47,708 ] 35 root - INFO - data Transformation completed
[ 2026-05-03 14:10:47,708 ] 37 root - INFO - Model Training sstared
