[ 2026-05-03 15:19:18,594 ] 1025 httpx - INFO - HTTP Request: GET https://dagshub.com/api/v1/user "HTTP/1.1 200 OK"
[ 2026-05-03 15:19:18,605 ] 107 dagshub - INFO - Accessing as jahanvigarg238
[ 2026-05-03 15:19:19,990 ] 1025 httpx - INFO - HTTP Request: GET https://dagshub.com/api/v1/repos/jahanvigarg238/Network_Security_System "HTTP/1.1 200 OK"
[ 2026-05-03 15:19:21,204 ] 1025 httpx - INFO - HTTP Request: GET https://dagshub.com/api/v1/user "HTTP/1.1 200 OK"
[ 2026-05-03 15:19:21,208 ] 107 dagshub - INFO - Initialized MLflow to track repo "jahanvigarg238/Network_Security_System"
[ 2026-05-03 15:19:21,226 ] 107 dagshub - INFO - Repository jahanvigarg238/Network_Security_System initialized!
[ 2026-05-03 15:19:24,727 ] 20 root - INFO - Initiate the data ingestion
[ 2026-05-03 15:19:29,545 ] 65 root - INFO - Performed train test split on the dataframe
[ 2026-05-03 15:19:29,545 ] 67 root - INFO - Exited split_data_as_train_test method of Data_Ingestion class
[ 2026-05-03 15:19:29,546 ] 75 root - INFO - Exporting train and test file path.
[ 2026-05-03 15:19:29,609 ] 84 root - INFO - Exported train and test file path.
[ 2026-05-03 15:19:29,610 ] 22 root - INFO - Data Initiation Completed
[ 2026-05-03 15:19:29,615 ] 26 root - INFO - Initiate the data Validation
[ 2026-05-03 15:19:29,710 ] 32 root - INFO - Required number of columns:2
[ 2026-05-03 15:19:29,710 ] 33 root - INFO - Data frame has columns:31
[ 2026-05-03 15:19:29,710 ] 32 root - INFO - Required number of columns:2
[ 2026-05-03 15:19:29,710 ] 33 root - INFO - Data frame has columns:31
[ 2026-05-03 15:19:29,876 ] 28 root - INFO - data Validation Completed
[ 2026-05-03 15:19:29,877 ] 31 root - INFO - data Transformation started
[ 2026-05-03 15:19:29,877 ] 63 root - INFO - Entered initiate_data_transformation method of DataTransformation class
[ 2026-05-03 15:19:29,877 ] 65 root - INFO - Starting data transformation
[ 2026-05-03 15:19:29,907 ] 48 root - INFO - Entered get_data_trnasformer_object method of Trnasformation class
[ 2026-05-03 15:19:29,907 ] 53 root - INFO - Initialise KNNImputer with {'missing_values': nan, 'n_neighbors': 3, 'weights': 'uniform'}
[ 2026-05-03 15:19:29,928 ] 46 root - INFO - Entered the save_object method of MainUtils class
[ 2026-05-03 15:19:29,931 ] 50 root - INFO - Exited the save_object method of MainUtils class
[ 2026-05-03 15:19:29,931 ] 46 root - INFO - Entered the save_object method of MainUtils class
[ 2026-05-03 15:19:29,934 ] 50 root - INFO - Exited the save_object method of MainUtils class
[ 2026-05-03 15:19:29,935 ] 35 root - INFO - data Transformation completed
[ 2026-05-03 15:19:29,935 ] 37 root - INFO - Model Training sstared
[ 2026-05-03 15:26:25,526 ] 46 root - INFO - Entered the save_object method of MainUtils class
[ 2026-05-03 15:26:25,594 ] 50 root - INFO - Exited the save_object method of MainUtils class
[ 2026-05-03 15:26:25,595 ] 46 root - INFO - Entered the save_object method of MainUtils class
[ 2026-05-03 15:26:25,653 ] 50 root - INFO - Exited the save_object method of MainUtils class
[ 2026-05-03 15:26:25,653 ] 157 root - INFO - Model trainer artifact: ModelTrainerArtifact(trained_model_file_path='Artifacts\\05_03_2026_15_19_12\\model_trainer\\trained_model\\model.pkl', train_metric_artifact=ClassificationMetricArtifact(f1_score=0.9910605444941081, precision_score=0.9874493927125506, recall_score=0.9946982055464927), test_metric_artifact=ClassificationMetricArtifact(f1_score=0.9787234042553191, precision_score=0.9665369649805448, recall_score=0.99122106943336))
[ 2026-05-03 15:26:25,659 ] 42 root - INFO - Model Training artifact created
