[ 2026-05-03 13:55:30,988 ] 1025 httpx - INFO - HTTP Request: GET https://dagshub.com/api/v1/user "HTTP/1.1 200 OK"
[ 2026-05-03 13:55:30,997 ] 107 dagshub - INFO - Accessing as jahanvigarg238
[ 2026-05-03 13:55:32,229 ] 1025 httpx - INFO - HTTP Request: GET https://dagshub.com/api/v1/repos/jahanvigarg238/Network_Security_System "HTTP/1.1 200 OK"
[ 2026-05-03 13:55:33,531 ] 1025 httpx - INFO - HTTP Request: GET https://dagshub.com/api/v1/user "HTTP/1.1 200 OK"
[ 2026-05-03 13:55:33,533 ] 107 dagshub - INFO - Initialized MLflow to track repo "jahanvigarg238/Network_Security_System"
[ 2026-05-03 13:55:33,543 ] 107 dagshub - INFO - Repository jahanvigarg238/Network_Security_System initialized!
[ 2026-05-03 13:55:36,666 ] 20 root - INFO - Initiate the data ingestion
[ 2026-05-03 13:55:39,535 ] 65 root - INFO - Performed train test split on the dataframe
[ 2026-05-03 13:55:39,535 ] 67 root - INFO - Exited split_data_as_train_test method of Data_Ingestion class
[ 2026-05-03 13:55:39,535 ] 75 root - INFO - Exporting train and test file path.
[ 2026-05-03 13:55:39,594 ] 84 root - INFO - Exported train and test file path.
[ 2026-05-03 13:55:39,594 ] 22 root - INFO - Data Initiation Completed
[ 2026-05-03 13:55:39,598 ] 26 root - INFO - Initiate the data Validation
[ 2026-05-03 13:55:39,675 ] 32 root - INFO - Required number of columns:2
[ 2026-05-03 13:55:39,675 ] 33 root - INFO - Data frame has columns:31
[ 2026-05-03 13:55:39,675 ] 32 root - INFO - Required number of columns:2
[ 2026-05-03 13:55:39,675 ] 33 root - INFO - Data frame has columns:31
[ 2026-05-03 13:55:39,851 ] 28 root - INFO - data Validation Completed
[ 2026-05-03 13:55:39,852 ] 31 root - INFO - data Transformation started
[ 2026-05-03 13:55:39,852 ] 63 root - INFO - Entered initiate_data_transformation method of DataTransformation class
[ 2026-05-03 13:55:39,852 ] 65 root - INFO - Starting data transformation
[ 2026-05-03 13:55:39,882 ] 48 root - INFO - Entered get_data_trnasformer_object method of Trnasformation class
[ 2026-05-03 13:55:39,882 ] 53 root - INFO - Initialise KNNImputer with {'missing_values': nan, 'n_neighbors': 3, 'weights': 'uniform'}
[ 2026-05-03 13:55:39,895 ] 46 root - INFO - Entered the save_object method of MainUtils class
[ 2026-05-03 13:55:39,898 ] 50 root - INFO - Exited the save_object method of MainUtils class
[ 2026-05-03 13:55:39,898 ] 46 root - INFO - Entered the save_object method of MainUtils class
[ 2026-05-03 13:55:39,901 ] 50 root - INFO - Exited the save_object method of MainUtils class
[ 2026-05-03 13:55:39,902 ] 35 root - INFO - data Transformation completed
[ 2026-05-03 13:55:39,902 ] 37 root - INFO - Model Training sstared
