[ 2026-05-03 13:09:08,781 ] 1025 httpx - INFO - HTTP Request: GET https://dagshub.com/api/v1/user "HTTP/1.1 200 OK"
[ 2026-05-03 13:09:08,791 ] 107 dagshub - INFO - Accessing as jahanvigarg238
[ 2026-05-03 13:09:10,006 ] 1025 httpx - INFO - HTTP Request: GET https://dagshub.com/api/v1/repos/jahanvigarg238/Network_Security_System "HTTP/1.1 200 OK"
[ 2026-05-03 13:09:11,172 ] 1025 httpx - INFO - HTTP Request: GET https://dagshub.com/api/v1/user "HTTP/1.1 200 OK"
[ 2026-05-03 13:09:11,175 ] 107 dagshub - INFO - Initialized MLflow to track repo "jahanvigarg238/Network_Security_System"
[ 2026-05-03 13:09:11,176 ] 107 dagshub - INFO - Repository jahanvigarg238/Network_Security_System initialized!
[ 2026-05-03 13:09:14,265 ] 20 root - INFO - Initiate the data ingestion
[ 2026-05-03 13:09:17,369 ] 65 root - INFO - Performed train test split on the dataframe
[ 2026-05-03 13:09:17,369 ] 67 root - INFO - Exited split_data_as_train_test method of Data_Ingestion class
[ 2026-05-03 13:09:17,369 ] 75 root - INFO - Exporting train and test file path.
[ 2026-05-03 13:09:17,421 ] 84 root - INFO - Exported train and test file path.
[ 2026-05-03 13:09:17,422 ] 22 root - INFO - Data Initiation Completed
[ 2026-05-03 13:09:17,468 ] 26 root - INFO - Initiate the data Validation
[ 2026-05-03 13:09:17,590 ] 32 root - INFO - Required number of columns:2
[ 2026-05-03 13:09:17,591 ] 33 root - INFO - Data frame has columns:31
[ 2026-05-03 13:09:17,591 ] 32 root - INFO - Required number of columns:2
[ 2026-05-03 13:09:17,591 ] 33 root - INFO - Data frame has columns:31
[ 2026-05-03 13:09:17,770 ] 28 root - INFO - data Validation Completed
[ 2026-05-03 13:09:17,771 ] 31 root - INFO - data Transformation started
[ 2026-05-03 13:09:17,771 ] 63 root - INFO - Entered initiate_data_transformation method of DataTransformation class
[ 2026-05-03 13:09:17,771 ] 65 root - INFO - Starting data transformation
[ 2026-05-03 13:09:17,814 ] 48 root - INFO - Entered get_data_trnasformer_object method of Trnasformation class
[ 2026-05-03 13:09:17,814 ] 53 root - INFO - Initialise KNNImputer with {'missing_values': nan, 'n_neighbors': 3, 'weights': 'uniform'}
[ 2026-05-03 13:09:17,840 ] 46 root - INFO - Entered the save_object method of MainUtils class
[ 2026-05-03 13:09:17,845 ] 50 root - INFO - Exited the save_object method of MainUtils class
[ 2026-05-03 13:09:17,845 ] 46 root - INFO - Entered the save_object method of MainUtils class
[ 2026-05-03 13:09:17,850 ] 50 root - INFO - Exited the save_object method of MainUtils class
[ 2026-05-03 13:09:17,852 ] 35 root - INFO - data Transformation completed
[ 2026-05-03 13:09:17,852 ] 37 root - INFO - Model Training sstared
